生成启动时间为 2019/5/2 15:06:10。
     1>项目“C:\Users\BING\Documents\Visual Studio 2012\Projects\c++\MFC测试、\MFC测试、\MFC测试、.vcxproj”在节点 2 上(Build 个目标)。
     1>ClCompile:
         C:\Program Files (x86)\Microsoft Visual Studio 11.0\VC\bin\CL.exe /c /Zi /nologo /W3 /WX- /sdl /O2 /Oi /Oy- /GL /D WIN32 /D _WINDOWS /D NDEBUG /D _MBCS /D _AFXDLL /Gm- /EHsc /MD /GS /Gy /fp:precise /Zc:wchar_t /Zc:forScope /Yu"stdafx.h" /Fp"Release\MFC测试、.pch" /Fo"Release\\" /Fd"Release\vc110.pdb" /Gd /TP /analyze- /errorReport:prompt util.cpp
         util.cpp
     1>util.cpp(165): warning C4305: “=”: 从“__int64”到“double”截断
     1>util.cpp(166): warning C4305: “=”: 从“__int64”到“double”截断
     1>util.cpp(170): warning C4305: “=”: 从“__int64”到“double”截断
     1>util.cpp(171): warning C4305: “=”: 从“__int64”到“double”截断
     1>util.cpp(195): warning C4305: “=”: 从“__int64”到“double”截断
     1>util.cpp(196): warning C4305: “=”: 从“__int64”到“double”截断
     1>util.cpp(200): warning C4305: “=”: 从“__int64”到“double”截断
     1>util.cpp(201): warning C4305: “=”: 从“__int64”到“double”截断
     1>util.cpp(226): warning C4244: “初始化”: 从“double”转换到“int”，可能丢失数据
     1>util.cpp(248): warning C4244: “初始化”: 从“double”转换到“int”，可能丢失数据
     1>util.cpp(249): warning C4244: “初始化”: 从“double”转换到“int”，可能丢失数据
     1>util.cpp(284): warning C4305: “=”: 从“__int64”到“double”截断
     1>util.cpp(404): warning C4244: “初始化”: 从“double”转换到“int”，可能丢失数据
     1>util.cpp(405): warning C4244: “初始化”: 从“double”转换到“int”，可能丢失数据
     1>util.cpp(442): warning C4305: “=”: 从“__int64”到“double”截断
     1>util.cpp(602): warning C4018: “<”: 有符号/无符号不匹配
     1>util.cpp(810): warning C4305: “初始化”: 从“__int64”到“double”截断
     1>util.cpp(1015): warning C4305: “初始化”: 从“__int64”到“double”截断
     1>util.cpp(1198): warning C4018: “<”: 有符号/无符号不匹配
     1>util.cpp(1621): warning C4244: “参数”: 从“time_t”转换到“unsigned int”，可能丢失数据
     1>util.cpp(1944): warning C4800: “double”: 将值强制为布尔值“true”或“false”(性能警告)
     1>util.cpp(2215): warning C4244: “初始化”: 从“double”转换到“int”，可能丢失数据
     1>util.cpp(2216): warning C4244: “初始化”: 从“double”转换到“int”，可能丢失数据
     1>util.cpp(2217): warning C4244: “初始化”: 从“double”转换到“int”，可能丢失数据
     1>util.cpp(2218): warning C4244: “初始化”: 从“double”转换到“int”，可能丢失数据
     1>util.cpp(2315): warning C4244: “初始化”: 从“double”转换到“int”，可能丢失数据
     1>util.cpp(2316): warning C4244: “初始化”: 从“double”转换到“int”，可能丢失数据
     1>util.cpp(2319): warning C4244: “参数”: 从“double”转换到“unsigned int”，可能丢失数据
     1>util.cpp(2327): warning C4244: “参数”: 从“double”转换到“unsigned int”，可能丢失数据
     1>util.cpp(2328): warning C4244: “参数”: 从“double”转换到“unsigned int”，可能丢失数据
     1>util.cpp(2329): warning C4244: “参数”: 从“double”转换到“unsigned int”，可能丢失数据
     1>util.cpp(2349): warning C4305: “初始化”: 从“__int64”到“double”截断
     1>util.cpp(2356): warning C4244: “初始化”: 从“double”转换到“int”，可能丢失数据
     1>util.cpp(2357): warning C4244: “初始化”: 从“double”转换到“int”，可能丢失数据
     1>util.cpp(2412): warning C4244: “初始化”: 从“double”转换到“int”，可能丢失数据
     1>util.cpp(2521): warning C4800: “double”: 将值强制为布尔值“true”或“false”(性能警告)
     1>util.cpp(2530): warning C4800: “double”: 将值强制为布尔值“true”或“false”(性能警告)
     1>util.cpp(2759): warning C4244: “初始化”: 从“double”转换到“int”，可能丢失数据
     1>util.cpp(2760): warning C4244: “初始化”: 从“double”转换到“int”，可能丢失数据
     1>util.cpp(2782): warning C4244: “初始化”: 从“double”转换到“int”，可能丢失数据
     1>util.cpp(2783): warning C4244: “初始化”: 从“double”转换到“int”，可能丢失数据
     1>util.cpp(2784): warning C4244: “初始化”: 从“double”转换到“int”，可能丢失数据
       Link:
         C:\Program Files (x86)\Microsoft Visual Studio 11.0\VC\bin\link.exe /ERRORREPORT:PROMPT /OUT:"C:\Users\BING\Documents\Visual Studio 2012\Projects\c++\MFC测试、\Release\MFC测试、.exe" /INCREMENTAL:NO /NOLOGO /MANIFEST /MANIFESTUAC:"level='asInvoker' uiAccess='false'" /manifest:embed /manifestinput:"C:\Program Files (x86)\Microsoft Visual Studio 11.0\VC\Include\Manifest\dpiaware.manifest" /DEBUG /PDB:"C:\Users\BING\Documents\Visual Studio 2012\Projects\c++\MFC测试、\Release\MFC测试、.pdb" /SUBSYSTEM:WINDOWS /OPT:REF /OPT:ICF /LTCG /TLBID:1 /DYNAMICBASE /NXCOMPAT /IMPLIB:"C:\Users\BING\Documents\Visual Studio 2012\Projects\c++\MFC测试、\Release\MFC测试、.lib" /MACHINE:X86 /SAFESEH "Release\MFC测试、.res"
         Release\GMM.obj
         Release\ICM.obj
         Release\KMeans.obj
         Release\LeftK.obj
         Release\LeftK2.obj
         "Release\MFC测试、.obj"
         "Release\MFC测试、Dlg.obj"
         Release\RGB2Lab.obj
         Release\ShowPicture.obj
         Release\SLIC.obj
         Release\stdafx.obj
         Release\Test.obj
         Release\util.obj
         Release\_RGB2Lab.obj
         正在生成代码
         已完成代码的生成
         MFC测试、.vcxproj -> C:\Users\BING\Documents\Visual Studio 2012\Projects\c++\MFC测试、\Release\MFC测试、.exe
     1>已完成生成项目“C:\Users\BING\Documents\Visual Studio 2012\Projects\c++\MFC测试、\MFC测试、\MFC测试、.vcxproj”(Build 个目标)的操作。

生成成功。

已用时间 00:00:08.25
