生成启动时间为 2019/5/2 8:51:20。
     1>项目“C:\Users\BING\Documents\Visual Studio 2012\Projects\c++\MFC测试、\MFC测试、\MFC测试、.vcxproj”在节点 2 上(Build 个目标)。
     1>ClCompile:
         C:\Program Files (x86)\Microsoft Visual Studio 11.0\VC\bin\CL.exe /c /ZI /nologo /W3 /WX- /sdl /Od /Oy- /D WIN32 /D _WINDOWS /D _DEBUG /D _MBCS /D _AFXDLL /Gm /EHsc /RTC1 /MDd /GS /fp:precise /Zc:wchar_t /Zc:forScope /Yc"stdafx.h" /Fp"Debug\MFC测试、.pch" /Fo"Debug\\" /Fd"Debug\vc110.pdb" /Gd /TP /analyze- /errorReport:prompt stdafx.cpp
         stdafx.cpp
         C:\Program Files (x86)\Microsoft Visual Studio 11.0\VC\bin\CL.exe /c /ZI /nologo /W3 /WX- /sdl /Od /Oy- /D WIN32 /D _WINDOWS /D _DEBUG /D _MBCS /D _AFXDLL /Gm /EHsc /RTC1 /MDd /GS /fp:precise /Zc:wchar_t /Zc:forScope /Yu"stdafx.h" /Fp"Debug\MFC测试、.pch" /Fo"Debug\\" /Fd"Debug\vc110.pdb" /Gd /TP /analyze- /errorReport:prompt GMM.cpp ICM.cpp KMeans.cpp LeftK.cpp LeftK2.cpp "MFC测试、.cpp" "MFC测试、Dlg.cpp" RGB2Lab.cpp SLIC.cpp ShowPicture.cpp Test.cpp _RGB2Lab.cpp util.cpp
         util.cpp
     1>c:\users\bing\documents\visual studio 2012\projects\c++\mfc测试、\mfc测试、\util.cpp(165): warning C4305: “=”: 从“__int64”到“double”截断
     1>c:\users\bing\documents\visual studio 2012\projects\c++\mfc测试、\mfc测试、\util.cpp(166): warning C4305: “=”: 从“__int64”到“double”截断
     1>c:\users\bing\documents\visual studio 2012\projects\c++\mfc测试、\mfc测试、\util.cpp(170): warning C4305: “=”: 从“__int64”到“double”截断
     1>c:\users\bing\documents\visual studio 2012\projects\c++\mfc测试、\mfc测试、\util.cpp(171): warning C4305: “=”: 从“__int64”到“double”截断
     1>c:\users\bing\documents\visual studio 2012\projects\c++\mfc测试、\mfc测试、\util.cpp(195): warning C4305: “=”: 从“__int64”到“double”截断
     1>c:\users\bing\documents\visual studio 2012\projects\c++\mfc测试、\mfc测试、\util.cpp(196): warning C4305: “=”: 从“__int64”到“double”截断
     1>c:\users\bing\documents\visual studio 2012\projects\c++\mfc测试、\mfc测试、\util.cpp(200): warning C4305: “=”: 从“__int64”到“double”截断
     1>c:\users\bing\documents\visual studio 2012\projects\c++\mfc测试、\mfc测试、\util.cpp(201): warning C4305: “=”: 从“__int64”到“double”截断
     1>c:\users\bing\documents\visual studio 2012\projects\c++\mfc测试、\mfc测试、\util.cpp(226): warning C4244: “初始化”: 从“double”转换到“int”，可能丢失数据
     1>c:\users\bing\documents\visual studio 2012\projects\c++\mfc测试、\mfc测试、\util.cpp(248): warning C4244: “初始化”: 从“double”转换到“int”，可能丢失数据
     1>c:\users\bing\documents\visual studio 2012\projects\c++\mfc测试、\mfc测试、\util.cpp(249): warning C4244: “初始化”: 从“double”转换到“int”，可能丢失数据
     1>c:\users\bing\documents\visual studio 2012\projects\c++\mfc测试、\mfc测试、\util.cpp(284): warning C4305: “=”: 从“__int64”到“double”截断
     1>c:\users\bing\documents\visual studio 2012\projects\c++\mfc测试、\mfc测试、\util.cpp(404): warning C4244: “初始化”: 从“double”转换到“int”，可能丢失数据
     1>c:\users\bing\documents\visual studio 2012\projects\c++\mfc测试、\mfc测试、\util.cpp(405): warning C4244: “初始化”: 从“double”转换到“int”，可能丢失数据
     1>c:\users\bing\documents\visual studio 2012\projects\c++\mfc测试、\mfc测试、\util.cpp(442): warning C4305: “=”: 从“__int64”到“double”截断
     1>c:\users\bing\documents\visual studio 2012\projects\c++\mfc测试、\mfc测试、\util.cpp(602): warning C4018: “<”: 有符号/无符号不匹配
     1>c:\users\bing\documents\visual studio 2012\projects\c++\mfc测试、\mfc测试、\util.cpp(810): warning C4305: “初始化”: 从“__int64”到“double”截断
     1>c:\users\bing\documents\visual studio 2012\projects\c++\mfc测试、\mfc测试、\util.cpp(1015): warning C4305: “初始化”: 从“__int64”到“double”截断
     1>c:\users\bing\documents\visual studio 2012\projects\c++\mfc测试、\mfc测试、\util.cpp(1198): warning C4018: “<”: 有符号/无符号不匹配
     1>c:\users\bing\documents\visual studio 2012\projects\c++\mfc测试、\mfc测试、\util.cpp(1621): warning C4244: “参数”: 从“time_t”转换到“unsigned int”，可能丢失数据
     1>c:\users\bing\documents\visual studio 2012\projects\c++\mfc测试、\mfc测试、\util.cpp(1944): warning C4800: “double”: 将值强制为布尔值“true”或“false”(性能警告)
     1>c:\users\bing\documents\visual studio 2012\projects\c++\mfc测试、\mfc测试、\util.cpp(2215): warning C4244: “初始化”: 从“double”转换到“int”，可能丢失数据
     1>c:\users\bing\documents\visual studio 2012\projects\c++\mfc测试、\mfc测试、\util.cpp(2216): warning C4244: “初始化”: 从“double”转换到“int”，可能丢失数据
     1>c:\users\bing\documents\visual studio 2012\projects\c++\mfc测试、\mfc测试、\util.cpp(2217): warning C4244: “初始化”: 从“double”转换到“int”，可能丢失数据
     1>c:\users\bing\documents\visual studio 2012\projects\c++\mfc测试、\mfc测试、\util.cpp(2218): warning C4244: “初始化”: 从“double”转换到“int”，可能丢失数据
     1>c:\users\bing\documents\visual studio 2012\projects\c++\mfc测试、\mfc测试、\util.cpp(2315): warning C4244: “初始化”: 从“double”转换到“int”，可能丢失数据
     1>c:\users\bing\documents\visual studio 2012\projects\c++\mfc测试、\mfc测试、\util.cpp(2316): warning C4244: “初始化”: 从“double”转换到“int”，可能丢失数据
     1>c:\users\bing\documents\visual studio 2012\projects\c++\mfc测试、\mfc测试、\util.cpp(2319): warning C4244: “参数”: 从“double”转换到“unsigned int”，可能丢失数据
     1>c:\users\bing\documents\visual studio 2012\projects\c++\mfc测试、\mfc测试、\util.cpp(2327): warning C4244: “参数”: 从“double”转换到“unsigned int”，可能丢失数据
     1>c:\users\bing\documents\visual studio 2012\projects\c++\mfc测试、\mfc测试、\util.cpp(2328): warning C4244: “参数”: 从“double”转换到“unsigned int”，可能丢失数据
     1>c:\users\bing\documents\visual studio 2012\projects\c++\mfc测试、\mfc测试、\util.cpp(2329): warning C4244: “参数”: 从“double”转换到“unsigned int”，可能丢失数据
     1>c:\users\bing\documents\visual studio 2012\projects\c++\mfc测试、\mfc测试、\util.cpp(2349): warning C4305: “初始化”: 从“__int64”到“double”截断
     1>c:\users\bing\documents\visual studio 2012\projects\c++\mfc测试、\mfc测试、\util.cpp(2356): warning C4244: “初始化”: 从“double”转换到“int”，可能丢失数据
     1>c:\users\bing\documents\visual studio 2012\projects\c++\mfc测试、\mfc测试、\util.cpp(2357): warning C4244: “初始化”: 从“double”转换到“int”，可能丢失数据
     1>c:\users\bing\documents\visual studio 2012\projects\c++\mfc测试、\mfc测试、\util.cpp(2412): warning C4244: “初始化”: 从“double”转换到“int”，可能丢失数据
     1>c:\users\bing\documents\visual studio 2012\projects\c++\mfc测试、\mfc测试、\util.cpp(2516): warning C4800: “double”: 将值强制为布尔值“true”或“false”(性能警告)
     1>c:\users\bing\documents\visual studio 2012\projects\c++\mfc测试、\mfc测试、\util.cpp(2566): warning C4244: “初始化”: 从“double”转换到“int”，可能丢失数据
     1>c:\users\bing\documents\visual studio 2012\projects\c++\mfc测试、\mfc测试、\util.cpp(2754): warning C4244: “初始化”: 从“double”转换到“int”，可能丢失数据
     1>c:\users\bing\documents\visual studio 2012\projects\c++\mfc测试、\mfc测试、\util.cpp(2755): warning C4244: “初始化”: 从“double”转换到“int”，可能丢失数据
     1>c:\users\bing\documents\visual studio 2012\projects\c++\mfc测试、\mfc测试、\util.cpp(2777): warning C4244: “初始化”: 从“double”转换到“int”，可能丢失数据
     1>c:\users\bing\documents\visual studio 2012\projects\c++\mfc测试、\mfc测试、\util.cpp(2778): warning C4244: “初始化”: 从“double”转换到“int”，可能丢失数据
     1>c:\users\bing\documents\visual studio 2012\projects\c++\mfc测试、\mfc测试、\util.cpp(2779): warning C4244: “初始化”: 从“double”转换到“int”，可能丢失数据
         MFC测试、Dlg.cpp
     1>c:\users\bing\documents\visual studio 2012\projects\c++\mfc测试、\mfc测试、\mfc测试、dlg.cpp(297): warning C4244: “参数”: 从“double”转换到“int”，可能丢失数据
     1>c:\users\bing\documents\visual studio 2012\projects\c++\mfc测试、\mfc测试、\mfc测试、dlg.cpp(344): warning C4244: “参数”: 从“double”转换到“int”，可能丢失数据
     1>c:\users\bing\documents\visual studio 2012\projects\c++\mfc测试、\mfc测试、\mfc测试、dlg.cpp(398): warning C4101: “buf”: 未引用的局部变量
     1>c:\users\bing\documents\visual studio 2012\projects\c++\mfc测试、\mfc测试、\mfc测试、dlg.cpp(443): warning C4101: “buf”: 未引用的局部变量
     1>c:\users\bing\documents\visual studio 2012\projects\c++\mfc测试、\mfc测试、\mfc测试、dlg.cpp(498): warning C4101: “buf”: 未引用的局部变量
         GMM.cpp
         正在生成代码...
         正在跳过...(未检测到相关更改)
         _RGB2Lab.cpp
         Test.cpp
         ShowPicture.cpp
         SLIC.cpp
         RGB2Lab.cpp
         LeftK2.cpp
         LeftK.cpp
         KMeans.cpp
         ICM.cpp
         MFC测试、.cpp
       Link:
         C:\Program Files (x86)\Microsoft Visual Studio 11.0\VC\bin\link.exe /ERRORREPORT:PROMPT /OUT:"C:\Users\BING\Documents\Visual Studio 2012\Projects\c++\MFC测试、\Debug\MFC测试、.exe" /INCREMENTAL /NOLOGO /MANIFEST /MANIFESTUAC:"level='asInvoker' uiAccess='false'" /manifest:embed /manifestinput:"C:\Program Files (x86)\Microsoft Visual Studio 11.0\VC\Include\Manifest\dpiaware.manifest" /DEBUG /PDB:"C:\Users\BING\Documents\Visual Studio 2012\Projects\c++\MFC测试、\Debug\MFC测试、.pdb" /SUBSYSTEM:WINDOWS /TLBID:1 /DYNAMICBASE /NXCOMPAT /IMPLIB:"C:\Users\BING\Documents\Visual Studio 2012\Projects\c++\MFC测试、\Debug\MFC测试、.lib" /MACHINE:X86 "Debug\MFC测试、.res"
         Debug\GMM.obj
         Debug\ICM.obj
         Debug\KMeans.obj
         Debug\LeftK.obj
         Debug\LeftK2.obj
         "Debug\MFC测试、.obj"
         "Debug\MFC测试、Dlg.obj"
         Debug\RGB2Lab.obj
         Debug\ShowPicture.obj
         Debug\SLIC.obj
         Debug\stdafx.obj
         Debug\Test.obj
         Debug\util.obj
         Debug\_RGB2Lab.obj
         MFC测试、.vcxproj -> C:\Users\BING\Documents\Visual Studio 2012\Projects\c++\MFC测试、\Debug\MFC测试、.exe
     1>已完成生成项目“C:\Users\BING\Documents\Visual Studio 2012\Projects\c++\MFC测试、\MFC测试、\MFC测试、.vcxproj”(Build 个目标)的操作。

生成成功。

已用时间 00:00:16.03
